Arguments: 
  C:\Program Files\nodejs\node.exe C:\Users\pouya\AppData\Roaming\npm\node_modules\yarn\bin\yarn.js start

PATH: 
  C:\ProgramData\Oracle\Java\javapath;C:\Windows\system32;C:\Windows;C:\Windows\System32\Wbem;C:\Windows\System32\WindowsPowerShell\v1.0\;C:\Windows\System32\OpenSSH\;C:\Program Files (x86)\NVIDIA Corporation\PhysX\Common;A:\Git\cmd;C:\ProgramData\chocolatey\bin;C:\Program Files\Microsoft SQL Server\120\Tools\Binn\;C:\Program Files\Microsoft SQL Server\130\Tools\Binn\;C:\WINDOWS\system32;C:\WINDOWS;C:\WINDOWS\System32\Wbem;C:\WINDOWS\System32\WindowsPowerShell\v1.0\;C:\WINDOWS\System32\OpenSSH\;C:\Program Files\nodejs\;C:\Users\pouya\AppData\Local\Programs\Python\Python310\Scripts\;C:\Users\pouya\AppData\Local\Programs\Python\Python310\;C:\Users\pouya\AppData\Local\Microsoft\WindowsApps;A:\Microsoft VS Code\bin;C:\msys64\mingw64\bin;C:\Users\pouya\AppData\Roaming\npm

Yarn version: 
  1.22.19

Node version: 
  20.10.0

Platform: 
  win32 x64

Trace: 
  SyntaxError: B:\whatsApp-clone\backend\package.json: Expected ',' or '}' after property value in JSON at position 82
      at JSON.parse (<anonymous>)
      at C:\Users\pouya\AppData\Roaming\npm\node_modules\yarn\lib\cli.js:1629:59
      at Generator.next (<anonymous>)
      at step (C:\Users\pouya\AppData\Roaming\npm\node_modules\yarn\lib\cli.js:310:30)
      at C:\Users\pouya\AppData\Roaming\npm\node_modules\yarn\lib\cli.js:321:13

npm manifest: 
  {
    "name": ".",
    "version": "1.0.0",
    "main": "index.js",
    "license": "MIT"
    "scripts": {
      "start" :"nodemon ./src/index.js"
    }
  }

yarn manifest: 
  No manifest

Lockfile: 
  No lockfile
